<?xml version="1.0" encoding="UTF-8"?>
<!-- Generated by org.testng.reporters.JUnitReportReporter -->
<testsuite hostname="MacBook-Pro-4.local" failures="0" tests="1" name="testNGpckg.WindowHandles" time="2.842" errors="0" timestamp="2023-07-19T18:02:43 PKT" skipped="0">
  <testcase classname="testNGpckg.WindowHandles" name="handleWindow" time="2.842"/>
</testsuite> <!-- testNGpckg.WindowHandles -->
