<?xml version="1.0" encoding="UTF-8"?>
<!-- Generated by org.testng.reporters.JUnitReportReporter -->
<testsuite hostname="MacBook-Pro-4.local" failures="0" tests="1" name="testNGpckg.WindowHandles" time="9.673" errors="0" timestamp="2023-07-25T23:32:44 GMT-04:00" skipped="0">
  <testcase classname="testNGpckg.WindowHandles" name="handleWindow" time="9.673"/>
</testsuite> <!-- testNGpckg.WindowHandles -->
