<?xml version="1.0" encoding="UTF-8"?>
<!-- Generated by org.testng.reporters.JUnitReportReporter -->
<testsuite hostname="MacBook-Pro-4.local" failures="0" tests="1" name="testNGpckg.WindowHandles" time="15.376" errors="0" timestamp="2023-07-20T18:56:15 PKT" skipped="0">
  <testcase classname="testNGpckg.WindowHandles" name="handleWindow" time="15.376"/>
</testsuite> <!-- testNGpckg.WindowHandles -->
